CRITICAL - 2024-03-05 11:36:55 --> Error: Object of class App\Models\Model_latihan1 could not be converted to string
in APPPATH\Controllers\latihan1.php on line 25.
 1 SYSTEMPATH\CodeIgniter.php(941): App\Controllers\Latihan1->penjumlahan('5', '5')
 2 SYSTEMPATH\CodeIgniter.php(502): CodeIgniter\CodeIgniter->runController(Object(App\Controllers\Latihan1))
 3 SYSTEMPATH\CodeIgniter.php(361): CodeIgniter\CodeIgniter->handleRequest(null, Object(Config\Cache), false)
 4 FCPATH\index.php(79): CodeIgniter\CodeIgniter->run()
 5 SYSTEMPATH\Commands\Server\rewrite.php(47): require_once('C:\\xampp\\htdocs\\ciUBSI\\public\\index.php')
CRITICAL - 2024-03-05 11:39:18 --> Error: Object of class App\Models\Model_latihan1 could not be converted to string
in APPPATH\Controllers\latihan1.php on line 25.
 1 SYSTEMPATH\CodeIgniter.php(941): App\Controllers\Latihan1->penjumlahan('5', '5')
 2 SYSTEMPATH\CodeIgniter.php(502): CodeIgniter\CodeIgniter->runController(Object(App\Controllers\Latihan1))
 3 SYSTEMPATH\CodeIgniter.php(361): CodeIgniter\CodeIgniter->handleRequest(null, Object(Config\Cache), false)
 4 FCPATH\index.php(79): CodeIgniter\CodeIgniter->run()
 5 SYSTEMPATH\Commands\Server\rewrite.php(47): require_once('C:\\xampp\\htdocs\\ciUBSI\\public\\index.php')
CRITICAL - 2024-03-05 11:39:20 --> Error: Object of class App\Models\Model_latihan1 could not be converted to string
in APPPATH\Controllers\latihan1.php on line 25.
 1 SYSTEMPATH\CodeIgniter.php(941): App\Controllers\Latihan1->penjumlahan('5', '5')
 2 SYSTEMPATH\CodeIgniter.php(502): CodeIgniter\CodeIgniter->runController(Object(App\Controllers\Latihan1))
 3 SYSTEMPATH\CodeIgniter.php(361): CodeIgniter\CodeIgniter->handleRequest(null, Object(Config\Cache), false)
 4 FCPATH\index.php(79): CodeIgniter\CodeIgniter->run()
 5 SYSTEMPATH\Commands\Server\rewrite.php(47): require_once('C:\\xampp\\htdocs\\ciUBSI\\public\\index.php')
CRITICAL - 2024-03-05 11:39:26 --> Error: Object of class App\Models\Model_latihan1 could not be converted to string
in APPPATH\Controllers\latihan1.php on line 25.
 1 SYSTEMPATH\CodeIgniter.php(941): App\Controllers\Latihan1->penjumlahan('5', '4')
 2 SYSTEMPATH\CodeIgniter.php(502): CodeIgniter\CodeIgniter->runController(Object(App\Controllers\Latihan1))
 3 SYSTEMPATH\CodeIgniter.php(361): CodeIgniter\CodeIgniter->handleRequest(null, Object(Config\Cache), false)
 4 FCPATH\index.php(79): CodeIgniter\CodeIgniter->run()
 5 SYSTEMPATH\Commands\Server\rewrite.php(47): require_once('C:\\xampp\\htdocs\\ciUBSI\\public\\index.php')
CRITICAL - 2024-03-05 11:42:16 --> Error: Object of class App\Models\Model_latihan1 could not be converted to string
in APPPATH\Controllers\latihan1.php on line 25.
 1 SYSTEMPATH\CodeIgniter.php(941): App\Controllers\Latihan1->penjumlahan('5', '3')
 2 SYSTEMPATH\CodeIgniter.php(502): CodeIgniter\CodeIgniter->runController(Object(App\Controllers\Latihan1))
 3 SYSTEMPATH\CodeIgniter.php(361): CodeIgniter\CodeIgniter->handleRequest(null, Object(Config\Cache), false)
 4 FCPATH\index.php(79): CodeIgniter\CodeIgniter->run()
 5 SYSTEMPATH\Commands\Server\rewrite.php(47): require_once('C:\\xampp\\htdocs\\ciUBSI\\public\\index.php')
CRITICAL - 2024-03-05 11:44:08 --> ErrorException: Array to string conversion
in APPPATH\Controllers\latihan1.php on line 25.
 1 APPPATH\Controllers\latihan1.php(25): CodeIgniter\Debug\Exceptions->errorHandler(2, 'Array to string conversion', 'C:\\xampp\\htdocs\\ciUBSI\\app\\Controllers\\latihan1.php', 25)
 2 SYSTEMPATH\CodeIgniter.php(941): App\Controllers\Latihan1->penjumlahan('5', '55')
 3 SYSTEMPATH\CodeIgniter.php(502): CodeIgniter\CodeIgniter->runController(Object(App\Controllers\Latihan1))
 4 SYSTEMPATH\CodeIgniter.php(361): CodeIgniter\CodeIgniter->handleRequest(null, Object(Config\Cache), false)
 5 FCPATH\index.php(79): CodeIgniter\CodeIgniter->run()
 6 SYSTEMPATH\Commands\Server\rewrite.php(47): require_once('C:\\xampp\\htdocs\\ciUBSI\\public\\index.php')
CRITICAL - 2024-03-05 11:46:34 --> ErrorException: Array to string conversion
in APPPATH\Controllers\latihan1.php on line 25.
 1 APPPATH\Controllers\latihan1.php(25): CodeIgniter\Debug\Exceptions->errorHandler(2, 'Array to string conversion', 'C:\\xampp\\htdocs\\ciUBSI\\app\\Controllers\\latihan1.php', 25)
 2 SYSTEMPATH\CodeIgniter.php(941): App\Controllers\Latihan1->penjumlahan('5', '55')
 3 SYSTEMPATH\CodeIgniter.php(502): CodeIgniter\CodeIgniter->runController(Object(App\Controllers\Latihan1))
 4 SYSTEMPATH\CodeIgniter.php(361): CodeIgniter\CodeIgniter->handleRequest(null, Object(Config\Cache), false)
 5 FCPATH\index.php(79): CodeIgniter\CodeIgniter->run()
 6 SYSTEMPATH\Commands\Server\rewrite.php(47): require_once('C:\\xampp\\htdocs\\ciUBSI\\public\\index.php')
CRITICAL - 2024-03-05 11:46:48 --> Error: Object of class App\Models\Model_latihan1 could not be converted to string
in APPPATH\Controllers\latihan1.php on line 25.
 1 SYSTEMPATH\CodeIgniter.php(941): App\Controllers\Latihan1->penjumlahan('5', '55')
 2 SYSTEMPATH\CodeIgniter.php(502): CodeIgniter\CodeIgniter->runController(Object(App\Controllers\Latihan1))
 3 SYSTEMPATH\CodeIgniter.php(361): CodeIgniter\CodeIgniter->handleRequest(null, Object(Config\Cache), false)
 4 FCPATH\index.php(79): CodeIgniter\CodeIgniter->run()
 5 SYSTEMPATH\Commands\Server\rewrite.php(47): require_once('C:\\xampp\\htdocs\\ciUBSI\\public\\index.php')
CRITICAL - 2024-03-05 11:52:13 --> Error: Object of class App\Models\Model_latihan1 could not be converted to string
in APPPATH\Controllers\latihan1.php on line 25.
 1 SYSTEMPATH\CodeIgniter.php(941): App\Controllers\Latihan1->penjumlahan('5', '55')
 2 SYSTEMPATH\CodeIgniter.php(502): CodeIgniter\CodeIgniter->runController(Object(App\Controllers\Latihan1))
 3 SYSTEMPATH\CodeIgniter.php(361): CodeIgniter\CodeIgniter->handleRequest(null, Object(Config\Cache), false)
 4 FCPATH\index.php(79): CodeIgniter\CodeIgniter->run()
 5 SYSTEMPATH\Commands\Server\rewrite.php(47): require_once('C:\\xampp\\htdocs\\ciUBSI\\public\\index.php')
CRITICAL - 2024-03-05 11:52:16 --> Error: Object of class App\Models\Model_latihan1 could not be converted to string
in APPPATH\Controllers\latihan1.php on line 25.
 1 SYSTEMPATH\CodeIgniter.php(941): App\Controllers\Latihan1->penjumlahan('5', '3')
 2 SYSTEMPATH\CodeIgniter.php(502): CodeIgniter\CodeIgniter->runController(Object(App\Controllers\Latihan1))
 3 SYSTEMPATH\CodeIgniter.php(361): CodeIgniter\CodeIgniter->handleRequest(null, Object(Config\Cache), false)
 4 FCPATH\index.php(79): CodeIgniter\CodeIgniter->run()
 5 SYSTEMPATH\Commands\Server\rewrite.php(47): require_once('C:\\xampp\\htdocs\\ciUBSI\\public\\index.php')
CRITICAL - 2024-03-05 11:52:21 --> Error: Object of class App\Models\Model_latihan1 could not be converted to string
in APPPATH\Controllers\latihan1.php on line 25.
 1 SYSTEMPATH\CodeIgniter.php(941): App\Controllers\Latihan1->penjumlahan('5', '3')
 2 SYSTEMPATH\CodeIgniter.php(502): CodeIgniter\CodeIgniter->runController(Object(App\Controllers\Latihan1))
 3 SYSTEMPATH\CodeIgniter.php(361): CodeIgniter\CodeIgniter->handleRequest(null, Object(Config\Cache), false)
 4 FCPATH\index.php(79): CodeIgniter\CodeIgniter->run()
 5 SYSTEMPATH\Commands\Server\rewrite.php(47): require_once('C:\\xampp\\htdocs\\ciUBSI\\public\\index.php')
CRITICAL - 2024-03-05 11:53:14 --> Error: Object of class App\Models\Model_latihan1 could not be converted to string
in APPPATH\Controllers\latihan1.php on line 25.
 1 SYSTEMPATH\CodeIgniter.php(941): App\Controllers\Latihan1->penjumlahan('3', '5')
 2 SYSTEMPATH\CodeIgniter.php(502): CodeIgniter\CodeIgniter->runController(Object(App\Controllers\Latihan1))
 3 SYSTEMPATH\CodeIgniter.php(361): CodeIgniter\CodeIgniter->handleRequest(null, Object(Config\Cache), false)
 4 FCPATH\index.php(79): CodeIgniter\CodeIgniter->run()
 5 SYSTEMPATH\Commands\Server\rewrite.php(47): require_once('C:\\xampp\\htdocs\\ciUBSI\\public\\index.php')
CRITICAL - 2024-03-05 14:30:16 --> ErrorException: Undefined variable $kode
in APPPATH\Views\view-data-matakuliah.php on line 24.
 1 APPPATH\Views\view-data-matakuliah.php(24): CodeIgniter\Debug\Exceptions->errorHandler(2, 'Undefined variable $kode', 'C:\\xampp\\htdocs\\ciUBSI\\app\\Views\\view-data-matakuliah.php', 24)
 2 SYSTEMPATH\View\View.php(228): include('C:\\xampp\\htdocs\\ciUBSI\\app\\Views\\view-data-matakuliah.php')
 3 SYSTEMPATH\View\View.php(231): CodeIgniter\View\View->CodeIgniter\View\{closure}()
 4 SYSTEMPATH\Common.php(1178): CodeIgniter\View\View->render('view-data-matakuliah', [], true)
 5 APPPATH\Controllers\Matakuliah.php(20): view('view-data-matakuliah', [...])
 6 SYSTEMPATH\CodeIgniter.php(941): App\Controllers\Matakuliah->cetak()
 7 SYSTEMPATH\CodeIgniter.php(502): CodeIgniter\CodeIgniter->runController(Object(App\Controllers\Matakuliah))
 8 SYSTEMPATH\CodeIgniter.php(361): CodeIgniter\CodeIgniter->handleRequest(null, Object(Config\Cache), false)
 9 FCPATH\index.php(79): CodeIgniter\CodeIgniter->run()
10 SYSTEMPATH\Commands\Server\rewrite.php(47): require_once('C:\\xampp\\htdocs\\ciUBSI\\public\\index.php')
CRITICAL - 2024-03-05 14:34:02 --> ErrorException: Undefined variable $kode
in APPPATH\Views\view-data-matakuliah.php on line 24.
 1 APPPATH\Views\view-data-matakuliah.php(24): CodeIgniter\Debug\Exceptions->errorHandler(2, 'Undefined variable $kode', 'C:\\xampp\\htdocs\\ciUBSI\\app\\Views\\view-data-matakuliah.php', 24)
 2 SYSTEMPATH\View\View.php(228): include('C:\\xampp\\htdocs\\ciUBSI\\app\\Views\\view-data-matakuliah.php')
 3 SYSTEMPATH\View\View.php(231): CodeIgniter\View\View->CodeIgniter\View\{closure}()
 4 SYSTEMPATH\Common.php(1178): CodeIgniter\View\View->render('view-data-matakuliah', [], true)
 5 APPPATH\Controllers\Matakuliah.php(20): view('view-data-matakuliah', [...])
 6 SYSTEMPATH\CodeIgniter.php(941): App\Controllers\Matakuliah->cetak()
 7 SYSTEMPATH\CodeIgniter.php(502): CodeIgniter\CodeIgniter->runController(Object(App\Controllers\Matakuliah))
 8 SYSTEMPATH\CodeIgniter.php(361): CodeIgniter\CodeIgniter->handleRequest(null, Object(Config\Cache), false)
 9 FCPATH\index.php(79): CodeIgniter\CodeIgniter->run()
10 SYSTEMPATH\Commands\Server\rewrite.php(47): require_once('C:\\xampp\\htdocs\\ciUBSI\\public\\index.php')
CRITICAL - 2024-03-05 14:34:51 --> ErrorException: Undefined variable $nilai1
in APPPATH\Views\view-data-matakuliah.php on line 4.
 1 APPPATH\Views\view-data-matakuliah.php(4): CodeIgniter\Debug\Exceptions->errorHandler(2, 'Undefined variable $nilai1', 'C:\\xampp\\htdocs\\ciUBSI\\app\\Views\\view-data-matakuliah.php', 4)
 2 SYSTEMPATH\View\View.php(228): include('C:\\xampp\\htdocs\\ciUBSI\\app\\Views\\view-data-matakuliah.php')
 3 SYSTEMPATH\View\View.php(231): CodeIgniter\View\View->CodeIgniter\View\{closure}()
 4 SYSTEMPATH\Common.php(1178): CodeIgniter\View\View->render('view-data-matakuliah', [], true)
 5 APPPATH\Controllers\Matakuliah.php(20): view('view-data-matakuliah', [...])
 6 SYSTEMPATH\CodeIgniter.php(941): App\Controllers\Matakuliah->cetak()
 7 SYSTEMPATH\CodeIgniter.php(502): CodeIgniter\CodeIgniter->runController(Object(App\Controllers\Matakuliah))
 8 SYSTEMPATH\CodeIgniter.php(361): CodeIgniter\CodeIgniter->handleRequest(null, Object(Config\Cache), false)
 9 FCPATH\index.php(79): CodeIgniter\CodeIgniter->run()
10 SYSTEMPATH\Commands\Server\rewrite.php(47): require_once('C:\\xampp\\htdocs\\ciUBSI\\public\\index.php')
CRITICAL - 2024-03-05 17:48:32 --> CodeIgniter\Router\Exceptions\RouterException: The namespace delimiter is a backslash (\), not a slash (/). Route handler: "\App\Controllers\css/style.css"
in SYSTEMPATH\Router\Router.php on line 480.
 1 SYSTEMPATH\Router\Router.php(480): CodeIgniter\Router\Exceptions\RouterException::forInvalidControllerName('\\App\\Controllers\\css/style.css')
 2 SYSTEMPATH\Router\Router.php(187): CodeIgniter\Router\Router->checkRoutes('css/style.css')
 3 SYSTEMPATH\CodeIgniter.php(823): CodeIgniter\Router\Router->handle('css/style.css')
 4 SYSTEMPATH\CodeIgniter.php(450): CodeIgniter\CodeIgniter->tryToRouteIt(Object(CodeIgniter\Router\RouteCollection))
 5 SYSTEMPATH\CodeIgniter.php(361): CodeIgniter\CodeIgniter->handleRequest(null, Object(Config\Cache), false)
 6 FCPATH\index.php(79): CodeIgniter\CodeIgniter->run()
 7 SYSTEMPATH\Commands\Server\rewrite.php(47): require_once('C:\\xampp\\htdocs\\ciUBSI\\public\\index.php')
CRITICAL - 2024-03-05 17:49:56 --> CodeIgniter\Router\Exceptions\RouterException: The namespace delimiter is a backslash (\), not a slash (/). Route handler: "\App\Controllers\css/style.css"
in SYSTEMPATH\Router\Router.php on line 480.
 1 SYSTEMPATH\Router\Router.php(480): CodeIgniter\Router\Exceptions\RouterException::forInvalidControllerName('\\App\\Controllers\\css/style.css')
 2 SYSTEMPATH\Router\Router.php(187): CodeIgniter\Router\Router->checkRoutes('css/style.css')
 3 SYSTEMPATH\CodeIgniter.php(823): CodeIgniter\Router\Router->handle('css/style.css')
 4 SYSTEMPATH\CodeIgniter.php(450): CodeIgniter\CodeIgniter->tryToRouteIt(Object(CodeIgniter\Router\RouteCollection))
 5 SYSTEMPATH\CodeIgniter.php(361): CodeIgniter\CodeIgniter->handleRequest(null, Object(Config\Cache), false)
 6 FCPATH\index.php(79): CodeIgniter\CodeIgniter->run()
 7 SYSTEMPATH\Commands\Server\rewrite.php(47): require_once('C:\\xampp\\htdocs\\ciUBSI\\public\\index.php')
CRITICAL - 2024-03-05 17:55:48 --> CodeIgniter\Router\Exceptions\RouterException: The namespace delimiter is a backslash (\), not a slash (/). Route handler: "\App\Controllers\css/style.css"
in SYSTEMPATH\Router\Router.php on line 480.
 1 SYSTEMPATH\Router\Router.php(480): CodeIgniter\Router\Exceptions\RouterException::forInvalidControllerName('\\App\\Controllers\\css/style.css')
 2 SYSTEMPATH\Router\Router.php(187): CodeIgniter\Router\Router->checkRoutes('css/style.css')
 3 SYSTEMPATH\CodeIgniter.php(823): CodeIgniter\Router\Router->handle('css/style.css')
 4 SYSTEMPATH\CodeIgniter.php(450): CodeIgniter\CodeIgniter->tryToRouteIt(Object(CodeIgniter\Router\RouteCollection))
 5 SYSTEMPATH\CodeIgniter.php(361): CodeIgniter\CodeIgniter->handleRequest(null, Object(Config\Cache), false)
 6 FCPATH\index.php(79): CodeIgniter\CodeIgniter->run()
 7 SYSTEMPATH\Commands\Server\rewrite.php(47): require_once('C:\\xampp\\htdocs\\ciUBSI\\public\\index.php')
CRITICAL - 2024-03-05 17:55:53 --> CodeIgniter\Router\Exceptions\RouterException: The namespace delimiter is a backslash (\), not a slash (/). Route handler: "\App\Controllers\css/style.css"
in SYSTEMPATH\Router\Router.php on line 480.
 1 SYSTEMPATH\Router\Router.php(480): CodeIgniter\Router\Exceptions\RouterException::forInvalidControllerName('\\App\\Controllers\\css/style.css')
 2 SYSTEMPATH\Router\Router.php(187): CodeIgniter\Router\Router->checkRoutes('css/style.css')
 3 SYSTEMPATH\CodeIgniter.php(823): CodeIgniter\Router\Router->handle('css/style.css')
 4 SYSTEMPATH\CodeIgniter.php(450): CodeIgniter\CodeIgniter->tryToRouteIt(Object(CodeIgniter\Router\RouteCollection))
 5 SYSTEMPATH\CodeIgniter.php(361): CodeIgniter\CodeIgniter->handleRequest(null, Object(Config\Cache), false)
 6 FCPATH\index.php(79): CodeIgniter\CodeIgniter->run()
 7 SYSTEMPATH\Commands\Server\rewrite.php(47): require_once('C:\\xampp\\htdocs\\ciUBSI\\public\\index.php')
CRITICAL - 2024-03-05 17:55:57 --> CodeIgniter\Router\Exceptions\RouterException: The namespace delimiter is a backslash (\), not a slash (/). Route handler: "\App\Controllers\css/style.css"
in SYSTEMPATH\Router\Router.php on line 480.
 1 SYSTEMPATH\Router\Router.php(480): CodeIgniter\Router\Exceptions\RouterException::forInvalidControllerName('\\App\\Controllers\\css/style.css')
 2 SYSTEMPATH\Router\Router.php(187): CodeIgniter\Router\Router->checkRoutes('css/style.css')
 3 SYSTEMPATH\CodeIgniter.php(823): CodeIgniter\Router\Router->handle('css/style.css')
 4 SYSTEMPATH\CodeIgniter.php(450): CodeIgniter\CodeIgniter->tryToRouteIt(Object(CodeIgniter\Router\RouteCollection))
 5 SYSTEMPATH\CodeIgniter.php(361): CodeIgniter\CodeIgniter->handleRequest(null, Object(Config\Cache), false)
 6 FCPATH\index.php(79): CodeIgniter\CodeIgniter->run()
 7 SYSTEMPATH\Commands\Server\rewrite.php(47): require_once('C:\\xampp\\htdocs\\ciUBSI\\public\\index.php')
CRITICAL - 2024-03-05 17:56:32 --> CodeIgniter\Router\Exceptions\RouterException: The namespace delimiter is a backslash (\), not a slash (/). Route handler: "\App\Controllers\css/style.css"
in SYSTEMPATH\Router\Router.php on line 480.
 1 SYSTEMPATH\Router\Router.php(480): CodeIgniter\Router\Exceptions\RouterException::forInvalidControllerName('\\App\\Controllers\\css/style.css')
 2 SYSTEMPATH\Router\Router.php(187): CodeIgniter\Router\Router->checkRoutes('css/style.css')
 3 SYSTEMPATH\CodeIgniter.php(823): CodeIgniter\Router\Router->handle('css/style.css')
 4 SYSTEMPATH\CodeIgniter.php(450): CodeIgniter\CodeIgniter->tryToRouteIt(Object(CodeIgniter\Router\RouteCollection))
 5 SYSTEMPATH\CodeIgniter.php(361): CodeIgniter\CodeIgniter->handleRequest(null, Object(Config\Cache), false)
 6 FCPATH\index.php(79): CodeIgniter\CodeIgniter->run()
 7 SYSTEMPATH\Commands\Server\rewrite.php(47): require_once('C:\\xampp\\htdocs\\ciUBSI\\public\\index.php')
CRITICAL - 2024-03-05 17:56:33 --> CodeIgniter\Router\Exceptions\RouterException: The namespace delimiter is a backslash (\), not a slash (/). Route handler: "\App\Controllers\css/style.css"
in SYSTEMPATH\Router\Router.php on line 480.
 1 SYSTEMPATH\Router\Router.php(480): CodeIgniter\Router\Exceptions\RouterException::forInvalidControllerName('\\App\\Controllers\\css/style.css')
 2 SYSTEMPATH\Router\Router.php(187): CodeIgniter\Router\Router->checkRoutes('css/style.css')
 3 SYSTEMPATH\CodeIgniter.php(823): CodeIgniter\Router\Router->handle('css/style.css')
 4 SYSTEMPATH\CodeIgniter.php(450): CodeIgniter\CodeIgniter->tryToRouteIt(Object(CodeIgniter\Router\RouteCollection))
 5 SYSTEMPATH\CodeIgniter.php(361): CodeIgniter\CodeIgniter->handleRequest(null, Object(Config\Cache), false)
 6 FCPATH\index.php(79): CodeIgniter\CodeIgniter->run()
 7 SYSTEMPATH\Commands\Server\rewrite.php(47): require_once('C:\\xampp\\htdocs\\ciUBSI\\public\\index.php')
CRITICAL - 2024-03-05 17:56:59 --> CodeIgniter\Router\Exceptions\RouterException: The namespace delimiter is a backslash (\), not a slash (/). Route handler: "\App\Controllers\css/style.css"
in SYSTEMPATH\Router\Router.php on line 480.
 1 SYSTEMPATH\Router\Router.php(480): CodeIgniter\Router\Exceptions\RouterException::forInvalidControllerName('\\App\\Controllers\\css/style.css')
 2 SYSTEMPATH\Router\Router.php(187): CodeIgniter\Router\Router->checkRoutes('css/style.css')
 3 SYSTEMPATH\CodeIgniter.php(823): CodeIgniter\Router\Router->handle('css/style.css')
 4 SYSTEMPATH\CodeIgniter.php(450): CodeIgniter\CodeIgniter->tryToRouteIt(Object(CodeIgniter\Router\RouteCollection))
 5 SYSTEMPATH\CodeIgniter.php(361): CodeIgniter\CodeIgniter->handleRequest(null, Object(Config\Cache), false)
 6 FCPATH\index.php(79): CodeIgniter\CodeIgniter->run()
 7 SYSTEMPATH\Commands\Server\rewrite.php(47): require_once('C:\\xampp\\htdocs\\ciUBSI\\public\\index.php')
CRITICAL - 2024-03-05 17:57:50 --> CodeIgniter\Router\Exceptions\RouterException: The namespace delimiter is a backslash (\), not a slash (/). Route handler: "\App\Controllers\css/style.css"
in SYSTEMPATH\Router\Router.php on line 480.
 1 SYSTEMPATH\Router\Router.php(480): CodeIgniter\Router\Exceptions\RouterException::forInvalidControllerName('\\App\\Controllers\\css/style.css')
 2 SYSTEMPATH\Router\Router.php(187): CodeIgniter\Router\Router->checkRoutes('css/style.css')
 3 SYSTEMPATH\CodeIgniter.php(823): CodeIgniter\Router\Router->handle('css/style.css')
 4 SYSTEMPATH\CodeIgniter.php(450): CodeIgniter\CodeIgniter->tryToRouteIt(Object(CodeIgniter\Router\RouteCollection))
 5 SYSTEMPATH\CodeIgniter.php(361): CodeIgniter\CodeIgniter->handleRequest(null, Object(Config\Cache), false)
 6 FCPATH\index.php(79): CodeIgniter\CodeIgniter->run()
 7 SYSTEMPATH\Commands\Server\rewrite.php(47): require_once('C:\\xampp\\htdocs\\ciUBSI\\public\\index.php')
CRITICAL - 2024-03-05 17:57:50 --> CodeIgniter\Router\Exceptions\RouterException: The namespace delimiter is a backslash (\), not a slash (/). Route handler: "\App\Controllers\css/style.css"
in SYSTEMPATH\Router\Router.php on line 480.
 1 SYSTEMPATH\Router\Router.php(480): CodeIgniter\Router\Exceptions\RouterException::forInvalidControllerName('\\App\\Controllers\\css/style.css')
 2 SYSTEMPATH\Router\Router.php(187): CodeIgniter\Router\Router->checkRoutes('css/style.css')
 3 SYSTEMPATH\CodeIgniter.php(823): CodeIgniter\Router\Router->handle('css/style.css')
 4 SYSTEMPATH\CodeIgniter.php(450): CodeIgniter\CodeIgniter->tryToRouteIt(Object(CodeIgniter\Router\RouteCollection))
 5 SYSTEMPATH\CodeIgniter.php(361): CodeIgniter\CodeIgniter->handleRequest(null, Object(Config\Cache), false)
 6 FCPATH\index.php(79): CodeIgniter\CodeIgniter->run()
 7 SYSTEMPATH\Commands\Server\rewrite.php(47): require_once('C:\\xampp\\htdocs\\ciUBSI\\public\\index.php')
CRITICAL - 2024-03-05 18:04:01 --> CodeIgniter\Router\Exceptions\RouterException: The namespace delimiter is a backslash (\), not a slash (/). Route handler: "\App\Controllers\css/style.css"
in SYSTEMPATH\Router\Router.php on line 480.
 1 SYSTEMPATH\Router\Router.php(480): CodeIgniter\Router\Exceptions\RouterException::forInvalidControllerName('\\App\\Controllers\\css/style.css')
 2 SYSTEMPATH\Router\Router.php(187): CodeIgniter\Router\Router->checkRoutes('css')
 3 SYSTEMPATH\CodeIgniter.php(823): CodeIgniter\Router\Router->handle('css')
 4 SYSTEMPATH\CodeIgniter.php(450): CodeIgniter\CodeIgniter->tryToRouteIt(Object(CodeIgniter\Router\RouteCollection))
 5 SYSTEMPATH\CodeIgniter.php(361): CodeIgniter\CodeIgniter->handleRequest(null, Object(Config\Cache), false)
 6 FCPATH\index.php(79): CodeIgniter\CodeIgniter->run()
 7 SYSTEMPATH\Commands\Server\rewrite.php(47): require_once('C:\\xampp\\htdocs\\ciUBSI\\public\\index.php')
CRITICAL - 2024-03-05 18:05:06 --> CodeIgniter\Router\Exceptions\RouterException: The namespace delimiter is a backslash (\), not a slash (/). Route handler: "\App\Controllers\css/style.css"
in SYSTEMPATH\Router\Router.php on line 480.
 1 SYSTEMPATH\Router\Router.php(480): CodeIgniter\Router\Exceptions\RouterException::forInvalidControllerName('\\App\\Controllers\\css/style.css')
 2 SYSTEMPATH\Router\Router.php(187): CodeIgniter\Router\Router->checkRoutes('css')
 3 SYSTEMPATH\CodeIgniter.php(823): CodeIgniter\Router\Router->handle('css')
 4 SYSTEMPATH\CodeIgniter.php(450): CodeIgniter\CodeIgniter->tryToRouteIt(Object(CodeIgniter\Router\RouteCollection))
 5 SYSTEMPATH\CodeIgniter.php(361): CodeIgniter\CodeIgniter->handleRequest(null, Object(Config\Cache), false)
 6 FCPATH\index.php(79): CodeIgniter\CodeIgniter->run()
 7 SYSTEMPATH\Commands\Server\rewrite.php(47): require_once('C:\\xampp\\htdocs\\ciUBSI\\public\\index.php')
