CRITICAL - 2024-03-12 09:13:25 --> Error: Call to undefined function set_value()
in APPPATH\Views\template\login.php on line 17.
 1 SYSTEMPATH\View\View.php(228): include()
 2 SYSTEMPATH\View\View.php(231): CodeIgniter\View\View->CodeIgniter\View\{closure}()
 3 SYSTEMPATH\Common.php(1178): CodeIgniter\View\View->render('/template/login', [], true)
 4 APPPATH\Controllers\auth.php(11): view('/template/login')
 5 SYSTEMPATH\CodeIgniter.php(941): App\Controllers\auth->index()
 6 SYSTEMPATH\CodeIgniter.php(502): CodeIgniter\CodeIgniter->runController(Object(App\Controllers\auth))
 7 SYSTEMPATH\CodeIgniter.php(361): CodeIgniter\CodeIgniter->handleRequest(null, Object(Config\Cache), false)
 8 FCPATH\index.php(79): CodeIgniter\CodeIgniter->run()
 9 SYSTEMPATH\Commands\Server\rewrite.php(47): require_once('C:\\xampp\\htdocs\\ciUBSI\\public\\index.php')
CRITICAL - 2024-03-12 09:15:46 --> CodeIgniter\View\Exceptions\ViewException: Invalid file: "/template/header.php"
in SYSTEMPATH\Exceptions\FrameworkException.php on line 39.
 1 SYSTEMPATH\View\View.php(216): CodeIgniter\Exceptions\FrameworkException::forInvalidFile('/template/header.php')
 2 SYSTEMPATH\Common.php(1178): CodeIgniter\View\View->render('/template/header', [], true)
 3 APPPATH\Controllers\auth.php(11): view('/template/header')
 4 SYSTEMPATH\CodeIgniter.php(941): App\Controllers\auth->index()
 5 SYSTEMPATH\CodeIgniter.php(502): CodeIgniter\CodeIgniter->runController(Object(App\Controllers\auth))
 6 SYSTEMPATH\CodeIgniter.php(361): CodeIgniter\CodeIgniter->handleRequest(null, Object(Config\Cache), false)
 7 FCPATH\index.php(79): CodeIgniter\CodeIgniter->run()
 8 SYSTEMPATH\Commands\Server\rewrite.php(47): require_once('C:\\xampp\\htdocs\\ciUBSI\\public\\index.php')
CRITICAL - 2024-03-12 09:16:24 --> CodeIgniter\View\Exceptions\ViewException: Invalid file: "/template/footer.php"
in SYSTEMPATH\Exceptions\FrameworkException.php on line 39.
 1 SYSTEMPATH\View\View.php(216): CodeIgniter\Exceptions\FrameworkException::forInvalidFile('/template/footer.php')
 2 SYSTEMPATH\Common.php(1178): CodeIgniter\View\View->render('/template/footer', [], true)
 3 APPPATH\Controllers\auth.php(12): view('/template/footer')
 4 SYSTEMPATH\CodeIgniter.php(941): App\Controllers\auth->index()
 5 SYSTEMPATH\CodeIgniter.php(502): CodeIgniter\CodeIgniter->runController(Object(App\Controllers\auth))
 6 SYSTEMPATH\CodeIgniter.php(361): CodeIgniter\CodeIgniter->handleRequest(null, Object(Config\Cache), false)
 7 FCPATH\index.php(79): CodeIgniter\CodeIgniter->run()
 8 SYSTEMPATH\Commands\Server\rewrite.php(47): require_once('C:\\xampp\\htdocs\\ciUBSI\\public\\index.php')
CRITICAL - 2024-03-12 09:16:25 --> CodeIgniter\View\Exceptions\ViewException: Invalid file: "/template/footer.php"
in SYSTEMPATH\Exceptions\FrameworkException.php on line 39.
 1 SYSTEMPATH\View\View.php(216): CodeIgniter\Exceptions\FrameworkException::forInvalidFile('/template/footer.php')
 2 SYSTEMPATH\Common.php(1178): CodeIgniter\View\View->render('/template/footer', [], true)
 3 APPPATH\Controllers\auth.php(12): view('/template/footer')
 4 SYSTEMPATH\CodeIgniter.php(941): App\Controllers\auth->index()
 5 SYSTEMPATH\CodeIgniter.php(502): CodeIgniter\CodeIgniter->runController(Object(App\Controllers\auth))
 6 SYSTEMPATH\CodeIgniter.php(361): CodeIgniter\CodeIgniter->handleRequest(null, Object(Config\Cache), false)
 7 FCPATH\index.php(79): CodeIgniter\CodeIgniter->run()
 8 SYSTEMPATH\Commands\Server\rewrite.php(47): require_once('C:\\xampp\\htdocs\\ciUBSI\\public\\index.php')
CRITICAL - 2024-03-12 09:16:26 --> CodeIgniter\View\Exceptions\ViewException: Invalid file: "/template/footer.php"
in SYSTEMPATH\Exceptions\FrameworkException.php on line 39.
 1 SYSTEMPATH\View\View.php(216): CodeIgniter\Exceptions\FrameworkException::forInvalidFile('/template/footer.php')
 2 SYSTEMPATH\Common.php(1178): CodeIgniter\View\View->render('/template/footer', [], true)
 3 APPPATH\Controllers\auth.php(12): view('/template/footer')
 4 SYSTEMPATH\CodeIgniter.php(941): App\Controllers\auth->index()
 5 SYSTEMPATH\CodeIgniter.php(502): CodeIgniter\CodeIgniter->runController(Object(App\Controllers\auth))
 6 SYSTEMPATH\CodeIgniter.php(361): CodeIgniter\CodeIgniter->handleRequest(null, Object(Config\Cache), false)
 7 FCPATH\index.php(79): CodeIgniter\CodeIgniter->run()
 8 SYSTEMPATH\Commands\Server\rewrite.php(47): require_once('C:\\xampp\\htdocs\\ciUBSI\\public\\index.php')
CRITICAL - 2024-03-12 09:16:26 --> CodeIgniter\View\Exceptions\ViewException: Invalid file: "/template/footer.php"
in SYSTEMPATH\Exceptions\FrameworkException.php on line 39.
 1 SYSTEMPATH\View\View.php(216): CodeIgniter\Exceptions\FrameworkException::forInvalidFile('/template/footer.php')
 2 SYSTEMPATH\Common.php(1178): CodeIgniter\View\View->render('/template/footer', [], true)
 3 APPPATH\Controllers\auth.php(12): view('/template/footer')
 4 SYSTEMPATH\CodeIgniter.php(941): App\Controllers\auth->index()
 5 SYSTEMPATH\CodeIgniter.php(502): CodeIgniter\CodeIgniter->runController(Object(App\Controllers\auth))
 6 SYSTEMPATH\CodeIgniter.php(361): CodeIgniter\CodeIgniter->handleRequest(null, Object(Config\Cache), false)
 7 FCPATH\index.php(79): CodeIgniter\CodeIgniter->run()
 8 SYSTEMPATH\Commands\Server\rewrite.php(47): require_once('C:\\xampp\\htdocs\\ciUBSI\\public\\index.php')
CRITICAL - 2024-03-12 09:16:38 --> CodeIgniter\View\Exceptions\ViewException: Invalid file: "/template/header.php"
in SYSTEMPATH\Exceptions\FrameworkException.php on line 39.
 1 SYSTEMPATH\View\View.php(216): CodeIgniter\Exceptions\FrameworkException::forInvalidFile('/template/header.php')
 2 SYSTEMPATH\Common.php(1178): CodeIgniter\View\View->render('/template/header', [], true)
 3 APPPATH\Controllers\auth.php(11): view('/template/header')
 4 SYSTEMPATH\CodeIgniter.php(941): App\Controllers\auth->index()
 5 SYSTEMPATH\CodeIgniter.php(502): CodeIgniter\CodeIgniter->runController(Object(App\Controllers\auth))
 6 SYSTEMPATH\CodeIgniter.php(361): CodeIgniter\CodeIgniter->handleRequest(null, Object(Config\Cache), false)
 7 FCPATH\index.php(79): CodeIgniter\CodeIgniter->run()
 8 SYSTEMPATH\Commands\Server\rewrite.php(47): require_once('C:\\xampp\\htdocs\\ciUBSI\\public\\index.php')
CRITICAL - 2024-03-12 09:16:48 --> CodeIgniter\View\Exceptions\ViewException: Invalid file: "/template/footer.php"
in SYSTEMPATH\Exceptions\FrameworkException.php on line 39.
 1 SYSTEMPATH\View\View.php(216): CodeIgniter\Exceptions\FrameworkException::forInvalidFile('/template/footer.php')
 2 SYSTEMPATH\Common.php(1178): CodeIgniter\View\View->render('/template/footer', [], true)
 3 APPPATH\Controllers\auth.php(12): view('/template/footer')
 4 SYSTEMPATH\CodeIgniter.php(941): App\Controllers\auth->index()
 5 SYSTEMPATH\CodeIgniter.php(502): CodeIgniter\CodeIgniter->runController(Object(App\Controllers\auth))
 6 SYSTEMPATH\CodeIgniter.php(361): CodeIgniter\CodeIgniter->handleRequest(null, Object(Config\Cache), false)
 7 FCPATH\index.php(79): CodeIgniter\CodeIgniter->run()
 8 SYSTEMPATH\Commands\Server\rewrite.php(47): require_once('C:\\xampp\\htdocs\\ciUBSI\\public\\index.php')
CRITICAL - 2024-03-12 09:19:10 --> CodeIgniter\View\Exceptions\ViewException: Invalid file: "/template/footer.php"
in SYSTEMPATH\Exceptions\FrameworkException.php on line 39.
 1 SYSTEMPATH\View\View.php(216): CodeIgniter\Exceptions\FrameworkException::forInvalidFile('/template/footer.php')
 2 SYSTEMPATH\Common.php(1178): CodeIgniter\View\View->render('/template/footer', [], true)
 3 APPPATH\Controllers\auth.php(12): view('/template/footer')
 4 SYSTEMPATH\CodeIgniter.php(941): App\Controllers\auth->index()
 5 SYSTEMPATH\CodeIgniter.php(502): CodeIgniter\CodeIgniter->runController(Object(App\Controllers\auth))
 6 SYSTEMPATH\CodeIgniter.php(361): CodeIgniter\CodeIgniter->handleRequest(null, Object(Config\Cache), false)
 7 FCPATH\index.php(79): CodeIgniter\CodeIgniter->run()
 8 SYSTEMPATH\Commands\Server\rewrite.php(47): require_once('C:\\xampp\\htdocs\\ciUBSI\\public\\index.php')
CRITICAL - 2024-03-12 09:19:13 --> CodeIgniter\View\Exceptions\ViewException: Invalid file: "/template/footer.php"
in SYSTEMPATH\Exceptions\FrameworkException.php on line 39.
 1 SYSTEMPATH\View\View.php(216): CodeIgniter\Exceptions\FrameworkException::forInvalidFile('/template/footer.php')
 2 SYSTEMPATH\Common.php(1178): CodeIgniter\View\View->render('/template/footer', [], true)
 3 APPPATH\Controllers\auth.php(12): view('/template/footer')
 4 SYSTEMPATH\CodeIgniter.php(941): App\Controllers\auth->index()
 5 SYSTEMPATH\CodeIgniter.php(502): CodeIgniter\CodeIgniter->runController(Object(App\Controllers\auth))
 6 SYSTEMPATH\CodeIgniter.php(361): CodeIgniter\CodeIgniter->handleRequest(null, Object(Config\Cache), false)
 7 FCPATH\index.php(79): CodeIgniter\CodeIgniter->run()
 8 SYSTEMPATH\Commands\Server\rewrite.php(47): require_once('C:\\xampp\\htdocs\\ciUBSI\\public\\index.php')
CRITICAL - 2024-03-12 09:19:17 --> CodeIgniter\View\Exceptions\ViewException: Invalid file: "/template/footer.php"
in SYSTEMPATH\Exceptions\FrameworkException.php on line 39.
 1 SYSTEMPATH\View\View.php(216): CodeIgniter\Exceptions\FrameworkException::forInvalidFile('/template/footer.php')
 2 SYSTEMPATH\Common.php(1178): CodeIgniter\View\View->render('/template/footer', [], true)
 3 APPPATH\Controllers\auth.php(12): view('/template/footer')
 4 SYSTEMPATH\CodeIgniter.php(941): App\Controllers\auth->index()
 5 SYSTEMPATH\CodeIgniter.php(502): CodeIgniter\CodeIgniter->runController(Object(App\Controllers\auth))
 6 SYSTEMPATH\CodeIgniter.php(361): CodeIgniter\CodeIgniter->handleRequest(null, Object(Config\Cache), false)
 7 FCPATH\index.php(79): CodeIgniter\CodeIgniter->run()
 8 SYSTEMPATH\Commands\Server\rewrite.php(47): require_once('C:\\xampp\\htdocs\\ciUBSI\\public\\index.php')
CRITICAL - 2024-03-12 09:21:05 --> ErrorException: Undefined variable $judul
in APPPATH\Views\template\aute_header.php on line 10.
 1 APPPATH\Views\template\aute_header.php(10): CodeIgniter\Debug\Exceptions->errorHandler(2, 'Undefined variable $judul', 'C:\\xampp\\htdocs\\ciUBSI\\app\\Views\\template\\aute_header.php', 10)
 2 SYSTEMPATH\View\View.php(228): include('C:\\xampp\\htdocs\\ciUBSI\\app\\Views\\template\\aute_header.php')
 3 SYSTEMPATH\View\View.php(231): CodeIgniter\View\View->CodeIgniter\View\{closure}()
 4 SYSTEMPATH\Common.php(1178): CodeIgniter\View\View->render('/template/aute_header', [], true)
 5 APPPATH\Controllers\auth.php(11): view('/template/aute_header')
 6 SYSTEMPATH\CodeIgniter.php(941): App\Controllers\auth->index()
 7 SYSTEMPATH\CodeIgniter.php(502): CodeIgniter\CodeIgniter->runController(Object(App\Controllers\auth))
 8 SYSTEMPATH\CodeIgniter.php(361): CodeIgniter\CodeIgniter->handleRequest(null, Object(Config\Cache), false)
 9 FCPATH\index.php(79): CodeIgniter\CodeIgniter->run()
10 SYSTEMPATH\Commands\Server\rewrite.php(47): require_once('C:\\xampp\\htdocs\\ciUBSI\\public\\index.php')
CRITICAL - 2024-03-12 09:21:39 --> ErrorException: Undefined variable $judul
in APPPATH\Views\template\aute_header.php on line 10.
 1 APPPATH\Views\template\aute_header.php(10): CodeIgniter\Debug\Exceptions->errorHandler(2, 'Undefined variable $judul', 'C:\\xampp\\htdocs\\ciUBSI\\app\\Views\\template\\aute_header.php', 10)
 2 SYSTEMPATH\View\View.php(228): include('C:\\xampp\\htdocs\\ciUBSI\\app\\Views\\template\\aute_header.php')
 3 SYSTEMPATH\View\View.php(231): CodeIgniter\View\View->CodeIgniter\View\{closure}()
 4 SYSTEMPATH\Common.php(1178): CodeIgniter\View\View->render('/template/aute_header', [], true)
 5 APPPATH\Controllers\auth.php(12): view('/template/aute_header', [...])
 6 SYSTEMPATH\CodeIgniter.php(941): App\Controllers\auth->index()
 7 SYSTEMPATH\CodeIgniter.php(502): CodeIgniter\CodeIgniter->runController(Object(App\Controllers\auth))
 8 SYSTEMPATH\CodeIgniter.php(361): CodeIgniter\CodeIgniter->handleRequest(null, Object(Config\Cache), false)
 9 FCPATH\index.php(79): CodeIgniter\CodeIgniter->run()
10 SYSTEMPATH\Commands\Server\rewrite.php(47): require_once('C:\\xampp\\htdocs\\ciUBSI\\public\\index.php')
INFO - 2024-03-12 23:52:56 --> Session: Class initialized using 'CodeIgniter\Session\Handlers\FileHandler' driver.
INFO - 2024-03-12 23:52:58 --> Session: Class initialized using 'CodeIgniter\Session\Handlers\FileHandler' driver.
INFO - 2024-03-12 23:53:00 --> Session: Class initialized using 'CodeIgniter\Session\Handlers\FileHandler' driver.
INFO - 2024-03-12 23:53:01 --> Session: Class initialized using 'CodeIgniter\Session\Handlers\FileHandler' driver.
INFO - 2024-03-12 23:53:08 --> Session: Class initialized using 'CodeIgniter\Session\Handlers\FileHandler' driver.
INFO - 2024-03-12 23:53:09 --> Session: Class initialized using 'CodeIgniter\Session\Handlers\FileHandler' driver.
INFO - 2024-03-12 23:56:50 --> Session: Class initialized using 'CodeIgniter\Session\Handlers\FileHandler' driver.
INFO - 2024-03-12 23:56:52 --> Session: Class initialized using 'CodeIgniter\Session\Handlers\FileHandler' driver.
INFO - 2024-03-12 23:56:52 --> Session: Class initialized using 'CodeIgniter\Session\Handlers\FileHandler' driver.
INFO - 2024-03-12 23:57:09 --> Session: Class initialized using 'CodeIgniter\Session\Handlers\FileHandler' driver.
INFO - 2024-03-12 23:57:11 --> Session: Class initialized using 'CodeIgniter\Session\Handlers\FileHandler' driver.
INFO - 2024-03-12 23:57:11 --> Session: Class initialized using 'CodeIgniter\Session\Handlers\FileHandler' driver.
